[2017-10-13 10:59:10.465] [ERROR] errorLogger - 
*************** error log start ***************
request method: GET
request originalUrl:  /api/users/getUser
request client ip:  ::ffff:127.0.0.1
request query:  {}
response time: 5
err name: undefined
err message: undefined
err stack: Error
    at exports.getUser (/Users/cjy/Documents/code/test/HelloKoa2/app/controllers/user_controller.js:12:9)
    at dispatch (/Users/cjy/Documents/code/test/HelloKoa2/node_modules/koa-router/node_modules/koa-compose/index.js:44:32)
    at /Users/cjy/Documents/code/test/HelloKoa2/node_modules/koa-router/lib/router.js:345:16
    at dispatch (/Users/cjy/Documents/code/test/HelloKoa2/node_modules/koa-router/node_modules/koa-compose/index.js:44:32)
    at allowedMethods (/Users/cjy/Documents/code/test/HelloKoa2/node_modules/koa-router/lib/router.js:406:12)
    at dispatch (/Users/cjy/Documents/code/test/HelloKoa2/node_modules/koa-router/node_modules/koa-compose/index.js:44:32)
    at /Users/cjy/Documents/code/test/HelloKoa2/node_modules/koa-router/lib/router.js:345:16
    at dispatch (/Users/cjy/Documents/code/test/HelloKoa2/node_modules/koa-router/node_modules/koa-compose/index.js:44:32)
    at dispatch (/Users/cjy/Documents/code/test/HelloKoa2/node_modules/koa-router/lib/router.js:350:31)
    at dispatch (/Users/cjy/Documents/code/test/HelloKoa2/node_modules/koa-compose/index.js:42:32)
    at /Users/cjy/Documents/code/test/HelloKoa2/middlewares/response_formatter.js:30:10
    at dispatch (/Users/cjy/Documents/code/test/HelloKoa2/node_modules/koa-compose/index.js:42:32)
    at app.use (/Users/cjy/Documents/code/test/HelloKoa2/app.js:40:15)
    at dispatch (/Users/cjy/Documents/code/test/HelloKoa2/node_modules/koa-compose/index.js:42:32)
    at dispatch (/Users/cjy/Documents/code/test/HelloKoa2/node_modules/koa-compose/index.js:42:32)
*************** error log end ***************

