[2017-12-05 14:47:23.712] [ERROR] errorLogger - 
*************** error log start ***************
request method: GET
request originalUrl:  /
request client ip:  ::1
request query:  {}
response time: 5
err name: Error
err message: ENOTDIR: not a directory, stat '/Users/cjy/Documents/code/test/HelloKoa2/views/index.html/index.html'
err stack: Error: ENOTDIR: not a directory, stat '/Users/cjy/Documents/code/test/HelloKoa2/views/index.html/index.html'
*************** error log end ***************

[2017-12-05 14:47:31.820] [ERROR] errorLogger - 
*************** error log start ***************
request method: GET
request originalUrl:  /
request client ip:  ::1
request query:  {}
response time: 13
err name: Error
err message: ENOTDIR: not a directory, stat '/Users/cjy/Documents/code/test/HelloKoa2/views/index.html/index.html'
err stack: Error: ENOTDIR: not a directory, stat '/Users/cjy/Documents/code/test/HelloKoa2/views/index.html/index.html'
*************** error log end ***************

[2017-12-05 14:48:45.881] [ERROR] errorLogger - 
*************** error log start ***************
request method: GET
request originalUrl:  /
request client ip:  ::1
request query:  {}
response time: 3
err name: TypeError
err message: Path must be a string. Received [Function: serve]
err stack: TypeError: Path must be a string. Received [Function: serve]
    at assertPath (path.js:7:11)
    at join (path.js:1211:7)
    at getPaths (/Users/cjy/Documents/code/test/HelloKoa2/node_modules/koa-views/lib/index.js:66:15)
    at Object.ctx.render (/Users/cjy/Documents/code/test/HelloKoa2/node_modules/koa-views/lib/index.js:32:14)
    at router.get (/Users/cjy/Documents/code/test/HelloKoa2/routes/index.js:4:13)
    at dispatch (/Users/cjy/Documents/code/test/HelloKoa2/node_modules/koa-router/node_modules/koa-compose/index.js:44:32)
    at /Users/cjy/Documents/code/test/HelloKoa2/node_modules/koa-router/lib/router.js:345:16
    at dispatch (/Users/cjy/Documents/code/test/HelloKoa2/node_modules/koa-router/node_modules/koa-compose/index.js:44:32)
    at dispatch (/Users/cjy/Documents/code/test/HelloKoa2/node_modules/koa-router/lib/router.js:350:31)
    at dispatch (/Users/cjy/Documents/code/test/HelloKoa2/node_modules/koa-compose/index.js:42:32)
    at /Users/cjy/Documents/code/test/HelloKoa2/middlewares/response_formatter.js:29:10
    at dispatch (/Users/cjy/Documents/code/test/HelloKoa2/node_modules/koa-compose/index.js:42:32)
    at app.use (/Users/cjy/Documents/code/test/HelloKoa2/app.js:38:15)
    at dispatch (/Users/cjy/Documents/code/test/HelloKoa2/node_modules/koa-compose/index.js:42:32)
    at dispatch (/Users/cjy/Documents/code/test/HelloKoa2/node_modules/koa-compose/index.js:42:32)
*************** error log end ***************

[2017-12-05 14:48:46.865] [ERROR] errorLogger - 
*************** error log start ***************
request method: GET
request originalUrl:  /
request client ip:  ::1
request query:  {}
response time: 1
err name: TypeError
err message: Path must be a string. Received [Function: serve]
err stack: TypeError: Path must be a string. Received [Function: serve]
    at assertPath (path.js:7:11)
    at join (path.js:1211:7)
    at getPaths (/Users/cjy/Documents/code/test/HelloKoa2/node_modules/koa-views/lib/index.js:66:15)
    at Object.ctx.render (/Users/cjy/Documents/code/test/HelloKoa2/node_modules/koa-views/lib/index.js:32:14)
    at router.get (/Users/cjy/Documents/code/test/HelloKoa2/routes/index.js:4:13)
    at dispatch (/Users/cjy/Documents/code/test/HelloKoa2/node_modules/koa-router/node_modules/koa-compose/index.js:44:32)
    at /Users/cjy/Documents/code/test/HelloKoa2/node_modules/koa-router/lib/router.js:345:16
    at dispatch (/Users/cjy/Documents/code/test/HelloKoa2/node_modules/koa-router/node_modules/koa-compose/index.js:44:32)
    at dispatch (/Users/cjy/Documents/code/test/HelloKoa2/node_modules/koa-router/lib/router.js:350:31)
    at dispatch (/Users/cjy/Documents/code/test/HelloKoa2/node_modules/koa-compose/index.js:42:32)
    at /Users/cjy/Documents/code/test/HelloKoa2/middlewares/response_formatter.js:29:10
    at dispatch (/Users/cjy/Documents/code/test/HelloKoa2/node_modules/koa-compose/index.js:42:32)
    at app.use (/Users/cjy/Documents/code/test/HelloKoa2/app.js:38:15)
    at dispatch (/Users/cjy/Documents/code/test/HelloKoa2/node_modules/koa-compose/index.js:42:32)
    at dispatch (/Users/cjy/Documents/code/test/HelloKoa2/node_modules/koa-compose/index.js:42:32)
*************** error log end ***************

[2017-12-05 14:48:51.823] [ERROR] errorLogger - 
*************** error log start ***************
request method: GET
request originalUrl:  /
request client ip:  ::1
request query:  {}
response time: 9
err name: TypeError
err message: Path must be a string. Received [Function: serve]
err stack: TypeError: Path must be a string. Received [Function: serve]
    at assertPath (path.js:7:11)
    at join (path.js:1211:7)
    at getPaths (/Users/cjy/Documents/code/test/HelloKoa2/node_modules/koa-views/lib/index.js:66:15)
    at Object.ctx.render (/Users/cjy/Documents/code/test/HelloKoa2/node_modules/koa-views/lib/index.js:32:14)
    at router.get (/Users/cjy/Documents/code/test/HelloKoa2/routes/index.js:4:13)
    at dispatch (/Users/cjy/Documents/code/test/HelloKoa2/node_modules/koa-router/node_modules/koa-compose/index.js:44:32)
    at /Users/cjy/Documents/code/test/HelloKoa2/node_modules/koa-router/lib/router.js:345:16
    at dispatch (/Users/cjy/Documents/code/test/HelloKoa2/node_modules/koa-router/node_modules/koa-compose/index.js:44:32)
    at dispatch (/Users/cjy/Documents/code/test/HelloKoa2/node_modules/koa-router/lib/router.js:350:31)
    at dispatch (/Users/cjy/Documents/code/test/HelloKoa2/node_modules/koa-compose/index.js:42:32)
    at /Users/cjy/Documents/code/test/HelloKoa2/middlewares/response_formatter.js:29:10
    at dispatch (/Users/cjy/Documents/code/test/HelloKoa2/node_modules/koa-compose/index.js:42:32)
    at app.use (/Users/cjy/Documents/code/test/HelloKoa2/app.js:38:15)
    at dispatch (/Users/cjy/Documents/code/test/HelloKoa2/node_modules/koa-compose/index.js:42:32)
    at dispatch (/Users/cjy/Documents/code/test/HelloKoa2/node_modules/koa-compose/index.js:42:32)
*************** error log end ***************

[2017-12-05 14:48:52.461] [ERROR] errorLogger - 
*************** error log start ***************
request method: GET
request originalUrl:  /
request client ip:  ::1
request query:  {}
response time: 1
err name: TypeError
err message: Path must be a string. Received [Function: serve]
err stack: TypeError: Path must be a string. Received [Function: serve]
    at assertPath (path.js:7:11)
    at join (path.js:1211:7)
    at getPaths (/Users/cjy/Documents/code/test/HelloKoa2/node_modules/koa-views/lib/index.js:66:15)
    at Object.ctx.render (/Users/cjy/Documents/code/test/HelloKoa2/node_modules/koa-views/lib/index.js:32:14)
    at router.get (/Users/cjy/Documents/code/test/HelloKoa2/routes/index.js:4:13)
    at dispatch (/Users/cjy/Documents/code/test/HelloKoa2/node_modules/koa-router/node_modules/koa-compose/index.js:44:32)
    at /Users/cjy/Documents/code/test/HelloKoa2/node_modules/koa-router/lib/router.js:345:16
    at dispatch (/Users/cjy/Documents/code/test/HelloKoa2/node_modules/koa-router/node_modules/koa-compose/index.js:44:32)
    at dispatch (/Users/cjy/Documents/code/test/HelloKoa2/node_modules/koa-router/lib/router.js:350:31)
    at dispatch (/Users/cjy/Documents/code/test/HelloKoa2/node_modules/koa-compose/index.js:42:32)
    at /Users/cjy/Documents/code/test/HelloKoa2/middlewares/response_formatter.js:29:10
    at dispatch (/Users/cjy/Documents/code/test/HelloKoa2/node_modules/koa-compose/index.js:42:32)
    at app.use (/Users/cjy/Documents/code/test/HelloKoa2/app.js:38:15)
    at dispatch (/Users/cjy/Documents/code/test/HelloKoa2/node_modules/koa-compose/index.js:42:32)
    at dispatch (/Users/cjy/Documents/code/test/HelloKoa2/node_modules/koa-compose/index.js:42:32)
*************** error log end ***************

