[2017-12-06 17:50:00.870] [INFO] resLogger - 
*************** response log start ***************
request method: GET
request originalUrl:  /api/users?id=1
request client ip:  ::1
request query:  {"id":"1"}
response time: 24
response status: 200
response body: 
{"code":0,"message":"success"}
*************** response log end ***************

[2017-12-06 17:50:03.906] [INFO] resLogger - 
*************** response log start ***************
request method: GET
request originalUrl:  /api/users/1
request client ip:  ::1
request query:  {}
response time: 1
response status: 200
response body: 
{"code":0,"message":"success","data":{"username":"阿，希爸","age":30}}
*************** response log end ***************

