[2018-01-08 15:25:56.978] [INFO] resLogger - 
*************** response log start ***************
request method: GET
request originalUrl:  /api/users/1
request client ip:  ::1
request query:  {}
response time: 0
response status: 200
response body: 
{"code":0,"message":"success"}
*************** response log end ***************

[2018-01-08 15:25:57.519] [INFO] resLogger - 
*************** response log start ***************
request method: GET
request originalUrl:  /favicon.ico
request client ip:  ::1
request query:  {}
response time: 0
response status: 404
response body: 
undefined
*************** response log end ***************

