[2018-01-08 14:27:46.917] [INFO] resLogger - 
*************** response log start ***************
request method: GET
request originalUrl:  /
request client ip:  ::1
request query:  {}
response time: 1072
response status: 200
response body: 
"<!DOCTYPE html><html><head><title>Hello Koa 2!</title><link rel=\"stylesheet\" href=\"/stylesheets/style.css\"></head><body><h1>Hello Koa 2!</h1><p>Welcome to Hello Koa 2!</p><p>你好</p></body></html>"
*************** response log end ***************

[2018-01-08 14:27:47.291] [INFO] resLogger - 
*************** response log start ***************
request method: GET
request originalUrl:  /favicon.ico
request client ip:  ::1
request query:  {}
response time: 0
response status: 404
response body: 
undefined
*************** response log end ***************

[2018-01-08 14:27:54.700] [INFO] resLogger - 
*************** response log start ***************
request method: GET
request originalUrl:  /users
request client ip:  ::1
request query:  {}
response time: 0
response status: 404
response body: 
undefined
*************** response log end ***************

[2018-01-08 14:38:34.122] [INFO] resLogger - 
*************** response log start ***************
request method: GET
request originalUrl:  /users
request client ip:  ::1
request query:  {}
response time: 0
response status: 404
response body: 
undefined
*************** response log end ***************

[2018-01-08 14:38:40.381] [INFO] resLogger - 
*************** response log start ***************
request method: GET
request originalUrl:  /api/users
request client ip:  ::1
request query:  {}
response time: 1
response status: 200
response body: 
{"code":0,"message":"success"}
*************** response log end ***************

[2018-01-08 14:38:44.070] [INFO] resLogger - 
*************** response log start ***************
request method: GET
request originalUrl:  /api/users/1
request client ip:  ::1
request query:  {}
response time: 0
response status: 200
response body: 
{"code":0,"message":"success"}
*************** response log end ***************

[2018-01-08 14:50:12.910] [INFO] resLogger - 
*************** response log start ***************
request method: GET
request originalUrl:  /api/users/1
request client ip:  ::1
request query:  {}
response time: 4
response status: 200
response body: 
{"code":0,"message":"success"}
*************** response log end ***************

[2018-01-08 14:50:13.315] [INFO] resLogger - 
*************** response log start ***************
request method: GET
request originalUrl:  /favicon.ico
request client ip:  ::1
request query:  {}
response time: 0
response status: 404
response body: 
undefined
*************** response log end ***************

[2018-01-08 14:50:27.538] [INFO] resLogger - 
*************** response log start ***************
request method: GET
request originalUrl:  /api/users/1
request client ip:  ::1
request query:  {}
response time: 2
response status: 200
response body: 
{"code":0,"message":"success"}
*************** response log end ***************

