[2017-12-06 15:34:56.508] [INFO] resLogger - 
*************** response log start ***************
request method: GET
request originalUrl:  /api/users/getUser?id=1
request client ip:  ::1
request query:  {"id":"1"}
response time: 0
response status: 200
response body: 
{"code":0,"message":"success","data":{"username":"阿，希爸","age":30}}
*************** response log end ***************

[2017-12-06 15:39:09.740] [INFO] resLogger - 
*************** response log start ***************
request method: GET
request originalUrl:  /api/users/getUser?id=1
request client ip:  ::1
request query:  {"id":"1"}
response time: 4
response status: 200
response body: 
{"code":0,"message":"success"}
*************** response log end ***************

[2017-12-06 15:39:16.515] [INFO] resLogger - 
*************** response log start ***************
request method: GET
request originalUrl:  /api/users
request client ip:  ::1
request query:  {}
response time: 0
response status: 200
response body: 
{"code":0,"message":"success"}
*************** response log end ***************

[2017-12-06 15:39:37.439] [INFO] resLogger - 
*************** response log start ***************
request method: GET
request originalUrl:  /api/users/1
request client ip:  ::1
request query:  {}
response time: 0
response status: 200
response body: 
{"code":0,"message":"success"}
*************** response log end ***************

[2017-12-06 15:39:50.704] [INFO] resLogger - 
*************** response log start ***************
request method: GET
request originalUrl:  /api/users/1
request client ip:  ::1
request query:  {}
response time: 4
response status: 200
response body: 
{"code":0,"message":"success"}
*************** response log end ***************

[2017-12-06 15:39:56.095] [INFO] resLogger - 
*************** response log start ***************
request method: GET
request originalUrl:  /api/users
request client ip:  ::1
request query:  {}
response time: 0
response status: 200
response body: 
{"code":0,"message":"success"}
*************** response log end ***************

[2017-12-06 15:40:59.160] [INFO] resLogger - 
*************** response log start ***************
request method: GET
request originalUrl:  /api/users/getUser?id=1
request client ip:  ::1
request query:  {"id":"1"}
response time: 1
response status: 200
response body: 
{"code":0,"message":"success","data":{"username":"阿，希爸","age":30}}
*************** response log end ***************

[2017-12-06 15:41:44.091] [INFO] resLogger - 
*************** response log start ***************
request method: GET
request originalUrl:  /api/users/getUser?id=1
request client ip:  ::1
request query:  {"id":"1"}
response time: 22
response status: 200
response body: 
{"code":0,"message":"success","data":{"username":"阿，希爸","age":30}}
*************** response log end ***************

[2017-12-06 15:46:02.525] [INFO] resLogger - 
*************** response log start ***************
request method: GET
request originalUrl:  /api/users/1
request client ip:  ::1
request query:  {}
response time: 4
response status: 200
response body: 
{"code":0,"message":"success"}
*************** response log end ***************

[2017-12-06 15:46:07.495] [INFO] resLogger - 
*************** response log start ***************
request method: GET
request originalUrl:  /api/users?id=1
request client ip:  ::1
request query:  {"id":"1"}
response time: 1
response status: 200
response body: 
{"code":0,"message":"success"}
*************** response log end ***************

[2017-12-06 15:46:21.484] [INFO] resLogger - 
*************** response log start ***************
request method: GET
request originalUrl:  /api/users?id=1
request client ip:  ::1
request query:  {"id":"1"}
response time: 7
response status: 200
response body: 
{"code":0,"message":"success"}
*************** response log end ***************

[2017-12-06 15:48:12.420] [INFO] resLogger - 
*************** response log start ***************
request method: GET
request originalUrl:  /api/users?id=1
request client ip:  ::1
request query:  {"id":"1"}
response time: 1
response status: 200
response body: 
{"code":0,"message":"success"}
*************** response log end ***************

[2017-12-06 15:48:32.754] [INFO] resLogger - 
*************** response log start ***************
request method: GET
request originalUrl:  /api/users?id=1
request client ip:  ::ffff:127.0.0.1
request query:  {"id":"1"}
response time: 16
response status: 200
response body: 
{"code":0,"message":"success","data":{"username":"阿，希爸","age":30}}
*************** response log end ***************

[2017-12-06 15:48:50.008] [INFO] resLogger - 
*************** response log start ***************
request method: GET
request originalUrl:  /api/users?id=1
request client ip:  ::ffff:127.0.0.1
request query:  {"id":"1"}
response time: 2
response status: 200
response body: 
{"code":0,"message":"success","data":{"username":"阿，希爸","age":30}}
*************** response log end ***************

