[2017-12-05 14:38:06.049] [INFO] resLogger - 
*************** response log start ***************
request method: GET
request originalUrl:  /
request client ip:  ::1
request query:  {}
response time: 51
response status: 200
response body: 
"<!DOCTYPE html><html><head><title>Hello Koa 2!</title><link rel=\"stylesheet\" href=\"/stylesheets/style.css\"></head><body><h1>Hello Koa 2!</h1><p>Welcome to Hello Koa 2!</p><p>你好</p></body></html>"
*************** response log end ***************

[2017-12-05 14:45:58.970] [INFO] resLogger - 
*************** response log start ***************
request method: GET
request originalUrl:  /user
request client ip:  ::1
request query:  {}
response time: 0
response status: 404
response body: 
undefined
*************** response log end ***************

[2017-12-05 14:46:04.104] [INFO] resLogger - 
*************** response log start ***************
request method: GET
request originalUrl:  /user?id=1
request client ip:  ::1
request query:  {"id":"1"}
response time: 0
response status: 404
response body: 
undefined
*************** response log end ***************

[2017-12-05 14:46:14.494] [INFO] resLogger - 
*************** response log start ***************
request method: GET
request originalUrl:  /users?id=1
request client ip:  ::1
request query:  {"id":"1"}
response time: 0
response status: 404
response body: 
undefined
*************** response log end ***************

[2017-12-05 14:46:17.431] [INFO] resLogger - 
*************** response log start ***************
request method: GET
request originalUrl:  /users
request client ip:  ::1
request query:  {}
response time: 0
response status: 404
response body: 
undefined
*************** response log end ***************

[2017-12-05 14:47:21.122] [INFO] resLogger - 
*************** response log start ***************
request method: GET
request originalUrl:  /users
request client ip:  ::1
request query:  {}
response time: 1
response status: 404
response body: 
undefined
*************** response log end ***************

[2017-12-05 14:49:05.626] [INFO] resLogger - 
*************** response log start ***************
request method: GET
request originalUrl:  /
request client ip:  ::1
request query:  {}
response time: 397
response status: 200
response body: 
"<!DOCTYPE html><html><head><title>Hello Koa 2!</title><link rel=\"stylesheet\" href=\"/stylesheets/style.css\"></head><body><h1>Hello Koa 2!</h1><p>Welcome to Hello Koa 2!</p><p>你好</p></body></html>"
*************** response log end ***************

[2017-12-05 14:49:33.381] [INFO] resLogger - 
*************** response log start ***************
request method: GET
request originalUrl:  /
request client ip:  ::1
request query:  {}
response time: 13
response status: 200
response body: 
{"_readableState":{"objectMode":false,"highWaterMark":65536,"buffer":{"head":null,"tail":null,"length":0},"length":0,"pipes":null,"pipesCount":0,"flowing":null,"ended":false,"endEmitted":false,"reading":false,"sync":true,"needReadable":false,"emittedReadable":false,"readableListening":false,"resumeScheduled":false,"defaultEncoding":"utf8","ranOut":false,"awaitDrain":0,"readingMore":false,"decoder":null,"encoding":null},"readable":true,"domain":null,"_events":{},"_eventsCount":2,"path":"/Users/cjy/Documents/code/test/HelloKoa2/views/index.html","fd":null,"flags":"r","mode":438,"autoClose":true,"bytesRead":0}
*************** response log end ***************

