[2017-12-05 16:32:13.565] [INFO] resLogger - 
*************** response log start ***************
request method: GET
request originalUrl:  /
request client ip:  ::1
request query:  {}
response time: 2
response status: 200
response body: 
{"_readableState":{"objectMode":false,"highWaterMark":65536,"buffer":{"head":null,"tail":null,"length":0},"length":0,"pipes":null,"pipesCount":0,"flowing":null,"ended":false,"endEmitted":false,"reading":false,"sync":true,"needReadable":false,"emittedReadable":false,"readableListening":false,"resumeScheduled":false,"defaultEncoding":"utf8","ranOut":false,"awaitDrain":0,"readingMore":false,"decoder":null,"encoding":null},"readable":true,"domain":null,"_events":{},"_eventsCount":2,"path":"/Users/cjy/Documents/code/test/HelloKoa2/views/index.html","fd":null,"flags":"r","mode":438,"autoClose":true,"bytesRead":0}
*************** response log end ***************

[2017-12-05 16:44:44.340] [INFO] resLogger - 
*************** response log start ***************
request method: GET
request originalUrl:  /
request client ip:  ::1
request query:  {}
response time: 0
response status: 200
response body: 
{"_readableState":{"objectMode":false,"highWaterMark":65536,"buffer":{"head":null,"tail":null,"length":0},"length":0,"pipes":null,"pipesCount":0,"flowing":null,"ended":false,"endEmitted":false,"reading":false,"sync":true,"needReadable":false,"emittedReadable":false,"readableListening":false,"resumeScheduled":false,"defaultEncoding":"utf8","ranOut":false,"awaitDrain":0,"readingMore":false,"decoder":null,"encoding":null},"readable":true,"domain":null,"_events":{},"_eventsCount":2,"path":"/Users/cjy/Documents/code/test/HelloKoa2/views/index.html","fd":null,"flags":"r","mode":438,"autoClose":true,"bytesRead":0}
*************** response log end ***************

[2017-12-05 16:44:44.988] [INFO] resLogger - 
*************** response log start ***************
request method: POST
request originalUrl:  /aj/account/inweibologin
request client ip:  ::1
request body: 
{}
response time: 0
response status: 404
response body: 
undefined
*************** response log end ***************

[2017-12-05 16:44:47.701] [INFO] resLogger - 
*************** response log start ***************
request method: GET
request originalUrl:  /
request client ip:  ::1
request query:  {}
response time: 1
response status: 200
response body: 
{"_readableState":{"objectMode":false,"highWaterMark":65536,"buffer":{"head":null,"tail":null,"length":0},"length":0,"pipes":null,"pipesCount":0,"flowing":null,"ended":false,"endEmitted":false,"reading":false,"sync":true,"needReadable":false,"emittedReadable":false,"readableListening":false,"resumeScheduled":false,"defaultEncoding":"utf8","ranOut":false,"awaitDrain":0,"readingMore":false,"decoder":null,"encoding":null},"readable":true,"domain":null,"_events":{},"_eventsCount":2,"path":"/Users/cjy/Documents/code/test/HelloKoa2/views/index.html","fd":null,"flags":"r","mode":438,"autoClose":true,"bytesRead":0}
*************** response log end ***************

[2017-12-05 16:44:48.712] [INFO] resLogger - 
*************** response log start ***************
request method: POST
request originalUrl:  /aj/account/inweibologin
request client ip:  ::1
request body: 
{}
response time: 0
response status: 404
response body: 
undefined
*************** response log end ***************

